<?xml version="1.0" encoding="UTF-8"?>
<!-- Generated by org.testng.reporters.JUnitReportReporter -->
<testsuite skipped="0" hostname="Chirag-Gupta" name="package2.depends" tests="5" failures="0" timestamp="2019-11-21T14:42:43 IST" time="0.001" errors="0">
  <testcase name="insert" time="0.000" classname="package2.depends"/>
  <testcase name="delete" time="0.000" classname="package2.depends"/>
  <testcase name="update" time="0.000" classname="package2.depends"/>
  <testcase name="test" time="0.001" classname="package2.depends"/>
  <testcase name="select" time="0.000" classname="package2.depends"/>
</testsuite> <!-- package2.depends -->
