<?xml version="1.0" encoding="UTF-8"?>
<!-- Generated by org.testng.reporters.JUnitReportReporter -->
<testsuite skipped="0" hostname="Chirag-Gupta" name="package1.TestngLearning" tests="1" failures="0" timestamp="2019-11-21T14:42:43 IST" time="0.001" errors="0">
  <testcase name="test" time="0.001" classname="package1.TestngLearning"/>
</testsuite> <!-- package1.TestngLearning -->
